<?xml version="1.0" encoding="utf-8"?><testsuites name="pytest tests"><testsuite name="pytest" errors="0" failures="0" skipped="0" tests="15" time="30.681" timestamp="2026-03-29T13:38:24.789782+00:00" hostname="agent-env-3a186a5f-3887-44d4-a78b-80a4d72eaceb"><testcase classname="tests.test_plu_confidence_iteration15.TestPLUDynamicConfidence" name="test_dynamic_plu_fos_returns_haute_confidence" time="0.765" /><testcase classname="tests.test_plu_confidence_iteration15.TestPLUDynamicConfidence" name="test_dynamic_plu_lyon_returns_haute_with_prescriptions" time="1.588" /><testcase classname="tests.test_plu_confidence_iteration15.TestPLUStaticConfidence" name="test_static_plu_ui_returns_basse_confidence" time="0.122" /><testcase classname="tests.test_plu_confidence_iteration15.TestPLUStaticConfidence" name="test_static_plu_n_returns_moyenne_confidence" time="0.098" /><testcase classname="tests.test_plu_confidence_iteration15.TestPLUStaticConfidence" name="test_static_plu_with_reglement_returns_moyenne" time="0.106" /><testcase classname="tests.test_plu_confidence_iteration15.TestChatbotParcelConfidence" name="test_chat_parcel_search_returns_confidence" time="18.295" /><testcase classname="tests.test_plu_confidence_iteration15.TestBboxParcelsConfidence" name="test_bbox_parcels_have_confidence" time="7.037" /><testcase classname="tests.test_plu_confidence_iteration15.TestDynamicGPUSource" name="test_dynamic_returns_gpu_source_dynamic" time="0.700" /><testcase classname="tests.test_plu_confidence_iteration15.TestDynamicGPUSource" name="test_unavailable_location_returns_fallback" time="0.480" /><testcase classname="tests.test_plu_confidence_iteration15.TestPreviousFeaturesStillWork" name="test_layer_toggles_data_available" time="0.121" /><testcase classname="tests.test_plu_confidence_iteration15.TestPreviousFeaturesStillWork" name="test_future_400kv_line_available" time="0.113" /><testcase classname="tests.test_plu_confidence_iteration15.TestPreviousFeaturesStillWork" name="test_pdf_export_works" time="0.104" /><testcase classname="tests.test_plu_confidence_iteration15.TestPreviousFeaturesStillWork" name="test_s3renr_summary_available" time="0.111" /><testcase classname="tests.test_plu_confidence_iteration15.TestConfidenceLevelLogic" name="test_haute_requires_multiple_sources" time="0.815" /><testcase classname="tests.test_plu_confidence_iteration15.TestConfidenceLevelLogic" name="test_basse_for_code_only_static" time="0.160" /></testsuite></testsuites>