<?xml version="1.0" encoding="utf-8"?><testsuites name="pytest tests"><testsuite name="pytest" errors="0" failures="0" skipped="0" tests="9" time="36.690" timestamp="2026-03-29T15:47:08.931759+00:00" hostname="agent-env-3a186a5f-3887-44d4-a78b-80a4d72eaceb"><testcase classname="backend.tests.test_iteration16_cleanup.TestAPIEndpoints" name="test_api_root" time="0.172" /><testcase classname="backend.tests.test_iteration16_cleanup.TestAPIEndpoints" name="test_electrical_assets" time="0.628" /><testcase classname="backend.tests.test_iteration16_cleanup.TestAPIEndpoints" name="test_dc_existants" time="0.125" /><testcase classname="backend.tests.test_iteration16_cleanup.TestAPIEndpoints" name="test_landing_points" time="0.102" /><testcase classname="backend.tests.test_iteration16_cleanup.TestAPIEndpoints" name="test_chat_endpoint" time="1.386" /><testcase classname="backend.tests.test_iteration16_cleanup.TestAPIEndpoints" name="test_s3renr_summary" time="0.157" /><testcase classname="backend.tests.test_iteration16_cleanup.TestAPIEndpoints" name="test_rte_future_400kv" time="0.098" /><testcase classname="backend.tests.test_iteration16_cleanup.TestAPIEndpoints" name="test_submarine_cables" time="0.113" /><testcase classname="backend.tests.test_iteration16_cleanup.TestChatbotParcelSearch" name="test_parcel_search_query" time="33.721" /></testsuite></testsuites>