<?xml version="1.0" encoding="utf-8"?><testsuites name="pytest tests"><testsuite name="pytest" errors="0" failures="1" skipped="0" tests="11" time="200.247" timestamp="2026-03-30T09:43:44.764780+00:00" hostname="agent-env-3a186a5f-3887-44d4-a78b-80a4d72eaceb"><testcase classname="backend.tests.test_iteration22_v3_update.TestAPIBasics" name="test_api_info" time="60.146"><failure message="assert 502 == 200&#10; +  where 502 = &lt;Response [502]&gt;.status_code">backend/tests/test_iteration22_v3_update.py:26: in test_api_info
    assert response.status_code == 200
E   assert 502 == 200
E    +  where 502 = &lt;Response [502]&gt;.status_code</failure></testcase><testcase classname="backend.tests.test_iteration22_v3_update.TestAPIBasics" name="test_communes_search_fos" time="44.606" /><testcase classname="backend.tests.test_iteration22_v3_update.TestElectricalAssets" name="test_electrical_assets_count" time="0.304" /><testcase classname="backend.tests.test_iteration22_v3_update.TestElectricalAssets" name="test_no_inconnu_for_s3renr_regions" time="0.233" /><testcase classname="backend.tests.test_iteration22_v3_update.TestChatParcelSearch" name="test_chat_parcel_search_fos" time="38.333" /><testcase classname="backend.tests.test_iteration22_v3_update.TestChatParcelSearch" name="test_chat_summary" time="1.677" /><testcase classname="backend.tests.test_iteration22_v3_update.TestNewCapabilities" name="test_estimate_budget" time="26.379" /><testcase classname="backend.tests.test_iteration22_v3_update.TestNewCapabilities" name="test_find_by_address_action" time="3.452" /><testcase classname="backend.tests.test_iteration22_v3_update.TestNewCapabilities" name="test_analyze_parcel_action" time="1.688" /><testcase classname="backend.tests.test_iteration22_v3_update.TestGeocodingFix" name="test_geocoding_with_valid_address" time="23.185" /><testcase classname="backend.tests.test_iteration22_v3_update.TestS3REnRMatching" name="test_s3renr_summary" time="0.134" /></testsuite></testsuites>