<?xml version="1.0" encoding="utf-8"?><testsuites name="pytest tests"><testsuite name="pytest" errors="0" failures="0" skipped="0" tests="19" time="46.874" timestamp="2026-03-29T18:13:09.135814+00:00" hostname="agent-env-3a186a5f-3887-44d4-a78b-80a4d72eaceb"><testcase classname="backend.tests.test_iteration18_correctifs.TestCorrectif1_MapLayers" name="test_gpu_zones_endpoint_exists" time="11.157" /><testcase classname="backend.tests.test_iteration18_correctifs.TestCorrectif1_MapLayers" name="test_electrical_assets_for_heatmap" time="0.190" /><testcase classname="backend.tests.test_iteration18_correctifs.TestCorrectif2_DVFCascade" name="test_dvf_commune_endpoint" time="0.115" /><testcase classname="backend.tests.test_iteration18_correctifs.TestCorrectif2_DVFCascade" name="test_dvf_region_endpoint" time="0.120" /><testcase classname="backend.tests.test_iteration18_correctifs.TestCorrectif2_DVFCascade" name="test_chat_returns_dvf_source" time="7.016" /><testcase classname="backend.tests.test_iteration18_correctifs.TestCorrectif3_ProjectTypeCleanup" name="test_api_root" time="0.192" /><testcase classname="backend.tests.test_iteration18_correctifs.TestCorrectif3_ProjectTypeCleanup" name="test_parcels_no_project_type" time="0.115" /><testcase classname="backend.tests.test_iteration18_correctifs.TestCorrectif3_ProjectTypeCleanup" name="test_map_parcels_no_project_type" time="0.127" /><testcase classname="backend.tests.test_iteration18_correctifs.TestCorrectif3_ProjectTypeCleanup" name="test_france_parcelles_bbox_no_project_type" time="0.510" /><testcase classname="backend.tests.test_iteration18_correctifs.TestCorrectif3_ProjectTypeCleanup" name="test_parcel_score_simplified" time="0.220" /><testcase classname="backend.tests.test_iteration18_correctifs.TestScoreFormat" name="test_score_structure" time="6.737" /><testcase classname="backend.tests.test_iteration18_correctifs.TestScoreFormat" name="test_verdict_labels" time="19.457" /><testcase classname="backend.tests.test_iteration18_correctifs.TestPDFExport" name="test_pdf_export" time="0.155" /><testcase classname="backend.tests.test_iteration18_correctifs.TestMapInfrastructure" name="test_map_dc" time="0.117" /><testcase classname="backend.tests.test_iteration18_correctifs.TestMapInfrastructure" name="test_map_landing_points" time="0.130" /><testcase classname="backend.tests.test_iteration18_correctifs.TestMapInfrastructure" name="test_map_submarine_cables" time="0.108" /><testcase classname="backend.tests.test_iteration18_correctifs.TestMapInfrastructure" name="test_map_electrical_assets" time="0.114" /><testcase classname="backend.tests.test_iteration18_correctifs.TestMapInfrastructure" name="test_rte_future_400kv" time="0.107" /><testcase classname="backend.tests.test_iteration18_correctifs.TestS3REnRSummary" name="test_s3renr_summary" time="0.118" /></testsuite></testsuites>