<?xml version="1.0" encoding="utf-8"?><testsuites name="pytest tests"><testsuite name="pytest" errors="0" failures="0" skipped="0" tests="14" time="58.841" timestamp="2026-03-29T12:34:20.946315+00:00" hostname="agent-env-3a186a5f-3887-44d4-a78b-80a4d72eaceb"><testcase classname="backend.tests.test_iteration12_filters_n1.TestChatbotAdvancedFilters" name="test_plu_zone_filter" time="10.987" /><testcase classname="backend.tests.test_iteration12_filters_n1.TestChatbotAdvancedFilters" name="test_htb_distance_filter" time="10.525" /><testcase classname="backend.tests.test_iteration12_filters_n1.TestChatbotAdvancedFilters" name="test_future_400kv_distance_filter" time="7.394" /><testcase classname="backend.tests.test_iteration12_filters_n1.TestChatbotAdvancedFilters" name="test_tension_kv_filter" time="11.544" /><testcase classname="backend.tests.test_iteration12_filters_n1.TestChatbotAdvancedFilters" name="test_surface_filter" time="6.798" /><testcase classname="backend.tests.test_iteration12_filters_n1.TestChatbotAdvancedFilters" name="test_filters_applied_field_present" time="9.588" /><testcase classname="backend.tests.test_iteration12_filters_n1.TestChatbotAdvancedFilters" name="test_summary_still_works" time="1.203" /><testcase classname="backend.tests.test_iteration12_filters_n1.TestN1QueryOptimization" name="test_shortlists_endpoint_returns_200" time="0.105" /><testcase classname="backend.tests.test_iteration12_filters_n1.TestN1QueryOptimization" name="test_parcels_endpoint_returns_200" time="0.110" /><testcase classname="backend.tests.test_iteration12_filters_n1.TestPreviousFeaturesStillWork" name="test_future_400kv_line_endpoint" time="0.103" /><testcase classname="backend.tests.test_iteration12_filters_n1.TestPreviousFeaturesStillWork" name="test_layer_toggles_electrical_assets" time="0.108" /><testcase classname="backend.tests.test_iteration12_filters_n1.TestPreviousFeaturesStillWork" name="test_pdf_export_endpoint" time="0.101" /><testcase classname="backend.tests.test_iteration12_filters_n1.TestPreviousFeaturesStillWork" name="test_dvf_endpoint" time="0.100" /><testcase classname="backend.tests.test_iteration12_filters_n1.TestPreviousFeaturesStillWork" name="test_dc_search_endpoint" time="0.113" /></testsuite></testsuites>