<?xml version="1.0" encoding="utf-8"?><testsuites name="pytest tests"><testsuite name="pytest" errors="0" failures="0" skipped="0" tests="11" time="44.792" timestamp="2026-03-29T17:24:50.138756+00:00" hostname="agent-env-3a186a5f-3887-44d4-a78b-80a4d72eaceb"><testcase classname="backend.tests.test_iteration17_refactoring.TestAPIHealth" name="test_api_root_returns_version" time="0.285" /><testcase classname="backend.tests.test_iteration17_refactoring.TestChatEndpoint" name="test_chat_simple_query" time="33.545" /><testcase classname="backend.tests.test_iteration17_refactoring.TestChatEndpoint" name="test_chat_commune_search" time="3.953" /><testcase classname="backend.tests.test_iteration17_refactoring.TestNewScoringSystem" name="test_scoring_via_parcel_endpoint" time="5.922" /><testcase classname="backend.tests.test_iteration17_refactoring.TestPDFExport" name="test_pdf_export_returns_pdf" time="0.149" /><testcase classname="backend.tests.test_iteration17_refactoring.TestMapLayers" name="test_rte_future_400kv_returns_geojson" time="0.102" /><testcase classname="backend.tests.test_iteration17_refactoring.TestS3REnRSummary" name="test_s3renr_summary_returns_region_data" time="0.157" /><testcase classname="backend.tests.test_iteration17_refactoring.TestElectricalAssets" name="test_electrical_assets_returns_postes" time="0.125" /><testcase classname="backend.tests.test_iteration17_refactoring.TestDCExistants" name="test_dc_existants_returns_data" time="0.101" /><testcase classname="backend.tests.test_iteration17_refactoring.TestLandingPoints" name="test_landing_points_returns_data" time="0.105" /><testcase classname="backend.tests.test_iteration17_refactoring.TestSubmarineCables" name="test_submarine_cables_returns_data" time="0.146" /></testsuite></testsuites>