<?xml version="1.0" encoding="utf-8"?><testsuites name="pytest tests"><testsuite name="pytest" errors="0" failures="0" skipped="0" tests="22" time="6.810" timestamp="2026-03-28T20:26:44.808451+00:00" hostname="agent-env-3a186a5f-3887-44d4-a78b-80a4d72eaceb"><testcase classname="tests.test_full_app_iteration9.TestDVFEndpoints" name="test_dvf_commune_pas_de_calais" time="0.222" /><testcase classname="tests.test_full_app_iteration9.TestDVFEndpoints" name="test_dvf_commune_bouches_du_rhone" time="0.113" /><testcase classname="tests.test_full_app_iteration9.TestDVFEndpoints" name="test_dvf_region_paca" time="0.127" /><testcase classname="tests.test_full_app_iteration9.TestDVFEndpoints" name="test_dvf_region_idf" time="0.109" /><testcase classname="tests.test_full_app_iteration9.TestDVFEndpoints" name="test_dvf_region_hdf" time="0.128" /><testcase classname="tests.test_full_app_iteration9.TestDVFEndpoints" name="test_bbox_parcels_include_dvf_fields" time="1.335" /><testcase classname="tests.test_full_app_iteration9.TestPDFExport" name="test_pdf_export_parcel" time="0.115" /><testcase classname="tests.test_full_app_iteration9.TestPDFExport" name="test_pdf_export_dc_site_valid" time="0.134" /><testcase classname="tests.test_full_app_iteration9.TestPDFExport" name="test_pdf_export_dc_site_invalid" time="0.103" /><testcase classname="tests.test_full_app_iteration9.TestCoreFeatures" name="test_electrical_assets_with_s3renr" time="0.261" /><testcase classname="tests.test_full_app_iteration9.TestCoreFeatures" name="test_s3renr_summary_returns_3_regions" time="0.107" /><testcase classname="tests.test_full_app_iteration9.TestCoreFeatures" name="test_s3renr_top_opportunities" time="0.146" /><testcase classname="tests.test_full_app_iteration9.TestCoreFeatures" name="test_dc_search_paca" time="0.153" /><testcase classname="tests.test_full_app_iteration9.TestCoreFeatures" name="test_dc_search_idf_saturated" time="0.143" /><testcase classname="tests.test_full_app_iteration9.TestCoreFeatures" name="test_dc_site_detail" time="0.105" /><testcase classname="tests.test_full_app_iteration9.TestCoreFeatures" name="test_chat_search_query" time="2.097" /><testcase classname="tests.test_full_app_iteration9.TestCoreFeatures" name="test_gpt_config" time="0.150" /><testcase classname="tests.test_full_app_iteration9.TestCoreFeatures" name="test_gpt_openapi_schema" time="0.107" /><testcase classname="tests.test_full_app_iteration9.TestMapData" name="test_landing_points" time="0.141" /><testcase classname="tests.test_full_app_iteration9.TestMapData" name="test_dc_existants" time="0.105" /><testcase classname="tests.test_full_app_iteration9.TestMapData" name="test_submarine_cables" time="0.116" /><testcase classname="tests.test_full_app_iteration9.TestMapData" name="test_commune_search" time="0.685" /></testsuite></testsuites>