<?xml version="1.0" encoding="utf-8"?><testsuites name="pytest tests"><testsuite name="pytest" errors="0" failures="0" skipped="0" tests="9" time="7.989" timestamp="2026-03-28T14:24:24.743270+00:00" hostname="agent-env-3a186a5f-3887-44d4-a78b-80a4d72eaceb"><testcase classname="tests.test_nationwide_infra.TestMapInfrastructureEndpoints" name="test_electrical_assets_returns_101_plus_htb_postes" time="0.260" /><testcase classname="tests.test_nationwide_infra.TestMapInfrastructureEndpoints" name="test_dc_existants_returns_61_plus_dc" time="0.105" /><testcase classname="tests.test_nationwide_infra.TestMapInfrastructureEndpoints" name="test_submarine_cables_returns_15_cables" time="0.126" /><testcase classname="tests.test_nationwide_infra.TestMapInfrastructureEndpoints" name="test_landing_points_returns_8_points" time="0.135" /><testcase classname="tests.test_nationwide_infra.TestCommuneSearchEndpoint" name="test_commune_search_villepinte" time="0.891" /><testcase classname="tests.test_nationwide_infra.TestCommuneSearchEndpoint" name="test_commune_search_short_query_returns_empty" time="0.101" /><testcase classname="tests.test_nationwide_infra.TestBboxParcelsEndpoint" name="test_bbox_parcels_returns_parcels_with_distances" time="1.551" /><testcase classname="tests.test_nationwide_infra.TestCommuneParcelsEndpoint" name="test_commune_parcels_with_real_htb_distances" time="4.617" /><testcase classname="tests.test_nationwide_infra.TestAPIRoot" name="test_api_root" time="0.124" /></testsuite></testsuites>