<?xml version="1.0" encoding="utf-8"?><testsuites name="pytest tests"><testsuite name="pytest" errors="0" failures="0" skipped="0" tests="26" time="4.891" timestamp="2026-03-28T18:57:07.061448+00:00" hostname="agent-env-3a186a5f-3887-44d4-a78b-80a4d72eaceb"><testcase classname="backend.tests.test_dc_search_api.TestDCSearchBasic" name="test_search_without_filters_returns_all_france" time="0.143" /><testcase classname="backend.tests.test_dc_search_api.TestDCSearchBasic" name="test_search_returns_required_fields" time="0.105" /><testcase classname="backend.tests.test_dc_search_api.TestDCSearchBasic" name="test_score_global_between_0_and_100" time="0.125" /><testcase classname="backend.tests.test_dc_search_api.TestDCSearchBasic" name="test_results_sorted_by_score_descending" time="0.113" /><testcase classname="backend.tests.test_dc_search_api.TestDCSearchBasic" name="test_meta_contains_required_fields" time="0.122" /><testcase classname="backend.tests.test_dc_search_api.TestDCSearchRegions" name="test_idf_region_returns_saturated_sites" time="0.104" /><testcase classname="backend.tests.test_dc_search_api.TestDCSearchRegions" name="test_idf_saturated_sites_have_warning_comment" time="0.102" /><testcase classname="backend.tests.test_dc_search_api.TestDCSearchRegions" name="test_paca_region_returns_sorted_results" time="0.109" /><testcase classname="backend.tests.test_dc_search_api.TestDCSearchRegions" name="test_hdf_region_with_grid_priority_filters_saturated" time="0.227" /><testcase classname="backend.tests.test_dc_search_api.TestDCSearchRegions" name="test_region_aliases_work" time="1.001" /><testcase classname="backend.tests.test_dc_search_api.TestDCSearchStrategies" name="test_strategy_speed_weights_speed_higher" time="0.110" /><testcase classname="backend.tests.test_dc_search_api.TestDCSearchStrategies" name="test_strategy_power_weights_power_higher" time="0.122" /><testcase classname="backend.tests.test_dc_search_api.TestDCSearchStrategies" name="test_strategy_cost_weights_cost_higher" time="0.103" /><testcase classname="backend.tests.test_dc_search_api.TestDCSearchStrategies" name="test_strategy_balanced_default" time="0.106" /><testcase classname="backend.tests.test_dc_search_api.TestDCSearchStrategies" name="test_different_strategies_produce_different_global_scores" time="0.472" /><testcase classname="backend.tests.test_dc_search_api.TestDCSearchPagination" name="test_pagination_works" time="0.210" /><testcase classname="backend.tests.test_dc_search_api.TestDCSearchPagination" name="test_page_2_returns_different_results" time="0.248" /><testcase classname="backend.tests.test_dc_search_api.TestDCSearchFilters" name="test_brownfield_only_filter" time="0.110" /><testcase classname="backend.tests.test_dc_search_api.TestDCSearchS3REnRIntegration" name="test_calais_site_has_correct_capacity" time="0.137" /><testcase classname="backend.tests.test_dc_search_api.TestDCSearchS3REnRIntegration" name="test_valenciennes_site_has_correct_capacity" time="0.116" /><testcase classname="backend.tests.test_dc_search_api.TestDCSearchTags" name="test_tags_contain_relevant_labels" time="0.114" /><testcase classname="backend.tests.test_dc_search_api.TestDCSearchComment" name="test_comment_provides_useful_text" time="0.147" /><testcase classname="backend.tests.test_dc_search_api.TestDCSiteDetail" name="test_get_site_detail_returns_full_info" time="0.216" /><testcase classname="backend.tests.test_dc_search_api.TestDCSiteDetail" name="test_get_invalid_site_returns_404" time="0.102" /><testcase classname="backend.tests.test_dc_search_api.TestDCSearchEdgeCases" name="test_empty_region_returns_results" time="0.101" /><testcase classname="backend.tests.test_dc_search_api.TestDCSearchEdgeCases" name="test_high_mw_target_affects_scoring" time="0.212" /></testsuite></testsuites>