<?xml version="1.0" encoding="utf-8"?><testsuites name="pytest tests"><testsuite name="pytest" errors="0" failures="0" skipped="0" tests="20" time="45.336" timestamp="2026-03-29T12:58:01.608082+00:00" hostname="agent-env-3a186a5f-3887-44d4-a78b-80a4d72eaceb"><testcase classname="backend.tests.test_plu_dynamic_iteration14.TestDynamicPLUScoringEndpoint" name="test_dynamic_plu_fos_sur_mer" time="1.701" /><testcase classname="backend.tests.test_plu_dynamic_iteration14.TestDynamicPLUScoringEndpoint" name="test_dynamic_plu_lyon" time="1.073" /><testcase classname="backend.tests.test_plu_dynamic_iteration14.TestDynamicPLUScoringEndpoint" name="test_dynamic_plu_base_and_adjustment_fields" time="0.607" /><testcase classname="backend.tests.test_plu_dynamic_iteration14.TestDynamicPLUScoringEndpoint" name="test_dynamic_plu_gpu_data_structure" time="0.620" /><testcase classname="backend.tests.test_plu_dynamic_iteration14.TestDynamicPLUScoringEndpoint" name="test_dynamic_plu_unavailable_location" time="0.491" /><testcase classname="backend.tests.test_plu_dynamic_iteration14.TestDynamicPLURiskDetection" name="test_pprt_ppr_detection" time="0.641" /><testcase classname="backend.tests.test_plu_dynamic_iteration14.TestDynamicPLURiskDetection" name="test_zac_detection_bonus" time="0.877" /><testcase classname="backend.tests.test_plu_dynamic_iteration14.TestDynamicPLURiskDetection" name="test_prescription_ebc_detection" time="0.623" /><testcase classname="backend.tests.test_plu_dynamic_iteration14.TestDynamicPLURiskDetection" name="test_destination_dominante_analysis" time="0.883" /><testcase classname="backend.tests.test_plu_dynamic_iteration14.TestStaticPLUScoringBackwardCompatibility" name="test_static_plu_ui_zone" time="0.109" /><testcase classname="backend.tests.test_plu_dynamic_iteration14.TestStaticPLUScoringBackwardCompatibility" name="test_static_plu_n_zone_excluded" time="0.098" /><testcase classname="backend.tests.test_plu_dynamic_iteration14.TestStaticPLUScoringBackwardCompatibility" name="test_static_plu_post_endpoint" time="0.103" /><testcase classname="backend.tests.test_plu_dynamic_iteration14.TestChatbotDynamicPLUIntegration" name="test_chatbot_parcel_search_uses_dynamic_plu" time="17.944" /><testcase classname="backend.tests.test_plu_dynamic_iteration14.TestChatbotDynamicPLUIntegration" name="test_chatbot_excludes_excluded_plu_parcels" time="17.916" /><testcase classname="backend.tests.test_plu_dynamic_iteration14.TestPreviousFeaturesStillWork" name="test_future_400kv_endpoint" time="0.197" /><testcase classname="backend.tests.test_plu_dynamic_iteration14.TestPreviousFeaturesStillWork" name="test_electrical_assets_endpoint" time="0.114" /><testcase classname="backend.tests.test_plu_dynamic_iteration14.TestPreviousFeaturesStillWork" name="test_pdf_export_endpoint" time="0.116" /><testcase classname="backend.tests.test_plu_dynamic_iteration14.TestPreviousFeaturesStillWork" name="test_dc_existants_endpoint" time="0.097" /><testcase classname="backend.tests.test_plu_dynamic_iteration14.TestPreviousFeaturesStillWork" name="test_landing_points_endpoint" time="0.130" /><testcase classname="backend.tests.test_plu_dynamic_iteration14.TestAPICartoGPUIntegration" name="test_bbox_parcels_with_plu_scoring" time="0.896" /></testsuite></testsuites>