<?xml version="1.0" encoding="utf-8"?><testsuites name="pytest tests"><testsuite name="pytest" errors="0" failures="0" skipped="0" tests="19" time="2.340" timestamp="2026-03-28T15:21:34.200981+00:00" hostname="agent-env-3a186a5f-3887-44d4-a78b-80a4d72eaceb"><testcase classname="backend.tests.test_s3renr_integration.TestS3REnRSummaryEndpoint" name="test_summary_returns_200" time="0.186" /><testcase classname="backend.tests.test_s3renr_integration.TestS3REnRSummaryEndpoint" name="test_summary_has_three_regions" time="0.103" /><testcase classname="backend.tests.test_s3renr_integration.TestS3REnRSummaryEndpoint" name="test_idf_is_saturated" time="0.123" /><testcase classname="backend.tests.test_s3renr_integration.TestS3REnRSummaryEndpoint" name="test_paca_is_active" time="0.126" /><testcase classname="backend.tests.test_s3renr_integration.TestS3REnRSummaryEndpoint" name="test_hdf_is_active" time="0.108" /><testcase classname="backend.tests.test_s3renr_integration.TestS3REnRTopOpportunitiesEndpoint" name="test_opportunities_returns_200" time="0.110" /><testcase classname="backend.tests.test_s3renr_integration.TestS3REnRTopOpportunitiesEndpoint" name="test_opportunities_sorted_by_mw" time="0.102" /><testcase classname="backend.tests.test_s3renr_integration.TestS3REnRTopOpportunitiesEndpoint" name="test_opportunities_respect_min_mw_filter" time="0.109" /><testcase classname="backend.tests.test_s3renr_integration.TestS3REnRTopOpportunitiesEndpoint" name="test_opportunities_have_required_fields" time="0.104" /><testcase classname="backend.tests.test_s3renr_integration.TestElectricalAssetsS3REnREnrichment" name="test_electrical_assets_returns_200" time="0.122" /><testcase classname="backend.tests.test_s3renr_integration.TestElectricalAssetsS3REnREnrichment" name="test_postes_have_s3renr_field" time="0.110" /><testcase classname="backend.tests.test_s3renr_integration.TestElectricalAssetsS3REnREnrichment" name="test_calais_has_direct_s3renr_match" time="0.125" /><testcase classname="backend.tests.test_s3renr_integration.TestElectricalAssetsS3REnREnrichment" name="test_valenciennes_has_direct_s3renr_match" time="0.121" /><testcase classname="backend.tests.test_s3renr_integration.TestElectricalAssetsS3REnREnrichment" name="test_idf_postes_show_sature_status" time="0.119" /><testcase classname="backend.tests.test_s3renr_integration.TestElectricalAssetsS3REnREnrichment" name="test_s3renr_field_structure" time="0.110" /><testcase classname="backend.tests.test_s3renr_integration.TestExistingMapLayersStillWork" name="test_dc_existants_endpoint" time="0.102" /><testcase classname="backend.tests.test_s3renr_integration.TestExistingMapLayersStillWork" name="test_landing_points_endpoint" time="0.143" /><testcase classname="backend.tests.test_s3renr_integration.TestExistingMapLayersStillWork" name="test_submarine_cables_endpoint" time="0.115" /><testcase classname="backend.tests.test_s3renr_integration.TestExistingMapLayersStillWork" name="test_electrical_assets_still_has_lignes" time="0.104" /></testsuite></testsuites>