<?xml version="1.0" encoding="utf-8"?><testsuites name="pytest tests"><testsuite name="pytest" errors="0" failures="0" skipped="0" tests="11" time="189.481" timestamp="2026-04-01T19:06:12.122506+00:00" hostname="agent-env-3a186a5f-3887-44d4-a78b-80a4d72eaceb"><testcase classname="backend.tests.test_iteration24_p0_p1_p2.TestP0Regression" name="test_api_root_returns_info" time="0.166" /><testcase classname="backend.tests.test_iteration24_p0_p1_p2.TestP0Regression" name="test_scan_dc_10mw_regression" time="2.403" /><testcase classname="backend.tests.test_iteration24_p0_p1_p2.TestP0Regression" name="test_chat_find_parcels_returns_up_to_30" time="4.527" /><testcase classname="backend.tests.test_iteration24_p0_p1_p2.TestP1PappersImmoUrls" name="test_scan_region_paca_has_pappers_urls" time="14.368" /><testcase classname="backend.tests.test_iteration24_p0_p1_p2.TestP1PappersImmoUrls" name="test_scan_region_hdf_has_pappers_url" time="23.040" /><testcase classname="backend.tests.test_iteration24_p0_p1_p2.TestP1PappersImmoUrls" name="test_pappers_url_format_correct" time="47.848" /><testcase classname="backend.tests.test_iteration24_p0_p1_p2.TestP2ScanRegionEndpoint" name="test_scan_region_paca_works" time="25.712" /><testcase classname="backend.tests.test_iteration24_p0_p1_p2.TestP2ScanRegionEndpoint" name="test_scan_region_hdf_alias" time="13.241" /><testcase classname="backend.tests.test_iteration24_p0_p1_p2.TestP2ScanRegionEndpoint" name="test_scan_region_aura" time="42.436" /><testcase classname="backend.tests.test_iteration24_p0_p1_p2.TestP2ScanRegionEndpoint" name="test_scan_region_deduplicates_parcels" time="15.358" /><testcase classname="backend.tests.test_iteration24_p0_p1_p2.TestMapEndpoints" name="test_electrical_assets" time="0.309" /></testsuite></testsuites>