<?xml version="1.0" encoding="utf-8"?><testsuites name="pytest tests"><testsuite name="pytest" errors="0" failures="0" skipped="0" tests="11" time="17.092" timestamp="2026-03-28T19:59:26.807451+00:00" hostname="agent-env-3a186a5f-3887-44d4-a78b-80a4d72eaceb"><testcase classname="backend.tests.test_chat_assistant.TestChatAssistant" name="test_chat_endpoint_exists" time="1.327" /><testcase classname="backend.tests.test_chat_assistant.TestChatAssistant" name="test_chat_search_query_paca" time="1.821" /><testcase classname="backend.tests.test_chat_assistant.TestChatAssistant" name="test_chat_search_results_structure" time="1.799" /><testcase classname="backend.tests.test_chat_assistant.TestChatAssistant" name="test_chat_results_sorted_by_score" time="1.296" /><testcase classname="backend.tests.test_chat_assistant.TestChatAssistant" name="test_chat_summary_query" time="0.970" /><testcase classname="backend.tests.test_chat_assistant.TestChatAssistant" name="test_chat_general_question" time="1.334" /><testcase classname="backend.tests.test_chat_assistant.TestChatAssistant" name="test_chat_fly_to_coordinates_valid" time="1.858" /><testcase classname="backend.tests.test_chat_assistant.TestChatAssistant" name="test_chat_with_history" time="1.603" /><testcase classname="backend.tests.test_chat_assistant.TestChatAssistant" name="test_chat_meta_information" time="1.890" /><testcase classname="backend.tests.test_chat_assistant.TestChatAssistantEdgeCases" name="test_chat_empty_message" time="1.538" /><testcase classname="backend.tests.test_chat_assistant.TestChatAssistantEdgeCases" name="test_chat_missing_session_id" time="1.456" /></testsuite></testsuites>