<?xml version="1.0" encoding="utf-8"?><testsuites name="pytest tests"><testsuite name="pytest" errors="0" failures="0" skipped="0" tests="15" time="2.934" timestamp="2026-03-30T08:14:29.041710+00:00" hostname="agent-env-3a186a5f-3887-44d4-a78b-80a4d72eaceb"><testcase classname="backend.tests.test_iteration21_5chantiers.TestAPIBasics" name="test_api_info" time="0.276" /><testcase classname="backend.tests.test_iteration21_5chantiers.TestAPIBasics" name="test_communes_search_fos" time="0.498" /><testcase classname="backend.tests.test_iteration21_5chantiers.TestS3REnRAccentMatching" name="test_electrical_assets_count" time="0.272" /><testcase classname="backend.tests.test_iteration21_5chantiers.TestS3REnRAccentMatching" name="test_realtor_s3renr_enrichment" time="0.235" /><testcase classname="backend.tests.test_iteration21_5chantiers.TestS3REnRAccentMatching" name="test_lavera_s3renr_enrichment" time="0.265" /><testcase classname="backend.tests.test_iteration21_5chantiers.TestS3REnRAccentMatching" name="test_feuillane_s3renr_enrichment" time="0.201" /><testcase classname="backend.tests.test_iteration21_5chantiers.TestS3REnRAccentMatching" name="test_postes_with_s3renr_not_inconnu" time="0.197" /><testcase classname="backend.tests.test_iteration21_5chantiers.TestPDFExport" name="test_pdf_export_valid_parcel" time="0.142" /><testcase classname="backend.tests.test_iteration21_5chantiers.TestPDFExport" name="test_pdf_export_empty_body_handled" time="0.110" /><testcase classname="backend.tests.test_iteration21_5chantiers.TestPDFExport" name="test_pdf_export_with_projet_fos" time="0.116" /><testcase classname="backend.tests.test_iteration21_5chantiers.TestRTEFutureLineData" name="test_rte_future_400kv_endpoint" time="0.101" /><testcase classname="backend.tests.test_iteration21_5chantiers.TestOtherEndpoints" name="test_dc_existants" time="0.100" /><testcase classname="backend.tests.test_iteration21_5chantiers.TestOtherEndpoints" name="test_submarine_cables" time="0.108" /><testcase classname="backend.tests.test_iteration21_5chantiers.TestOtherEndpoints" name="test_landing_points" time="0.108" /><testcase classname="backend.tests.test_iteration21_5chantiers.TestOtherEndpoints" name="test_s3renr_summary" time="0.105" /></testsuite></testsuites>