<?xml version="1.0" encoding="utf-8"?><testsuites name="pytest tests"><testsuite name="pytest" errors="0" failures="0" skipped="0" tests="14" time="7.821" timestamp="2026-03-29T11:53:14.497331+00:00" hostname="agent-env-3a186a5f-3887-44d4-a78b-80a4d72eaceb"><testcase classname="backend.tests.test_rte_future_400kv.TestRTEFuture400kVEndpoint" name="test_endpoint_returns_200" time="0.237" /><testcase classname="backend.tests.test_rte_future_400kv.TestRTEFuture400kVEndpoint" name="test_response_has_line_geojson" time="0.130" /><testcase classname="backend.tests.test_rte_future_400kv.TestRTEFuture400kVEndpoint" name="test_response_has_three_buffer_zones" time="0.137" /><testcase classname="backend.tests.test_rte_future_400kv.TestRTEFuture400kVEndpoint" name="test_buffer_zone_colors" time="0.105" /><testcase classname="backend.tests.test_rte_future_400kv.TestRTEFuture400kVEndpoint" name="test_metadata_fields" time="0.092" /><testcase classname="backend.tests.test_rte_future_400kv.TestRTEFuture400kVEndpoint" name="test_scoring_rules_present" time="0.103" /><testcase classname="backend.tests.test_rte_future_400kv.TestDCSearchFuture400kV" name="test_paca_search_includes_future_400kv" time="0.108" /><testcase classname="backend.tests.test_rte_future_400kv.TestDCSearchFuture400kV" name="test_score_bonus_values" time="0.098" /><testcase classname="backend.tests.test_rte_future_400kv.TestDCSearchFuture400kV" name="test_future_grid_potential_score" time="0.097" /><testcase classname="backend.tests.test_rte_future_400kv.TestDCSearchFuture400kV" name="test_tags_include_future_400kv_proximity" time="0.096" /><testcase classname="backend.tests.test_rte_future_400kv.TestBBoxParcelsWithFuture400kV" name="test_bbox_parcels_include_future_400kv_fields" time="5.920" /><testcase classname="backend.tests.test_rte_future_400kv.TestPDFExportWithFuture400kV" name="test_pdf_export_still_works" time="0.136" /><testcase classname="backend.tests.test_rte_future_400kv.TestPDFExportWithFuture400kV" name="test_dc_site_pdf_export" time="0.219" /><testcase classname="backend.tests.test_rte_future_400kv.TestScoringIntegration" name="test_score_includes_future_bonus" time="0.100" /></testsuite></testsuites>