<?xml version="1.0" encoding="utf-8"?><testsuites name="pytest tests"><testsuite name="pytest" errors="0" failures="0" skipped="0" tests="11" time="2.282" timestamp="2026-03-30T07:29:07.506487+00:00" hostname="agent-env-3a186a5f-3887-44d4-a78b-80a4d72eaceb"><testcase classname="backend.tests.test_iteration20_htb_update.TestAPIRoot" name="test_api_root_returns_info" time="0.222" /><testcase classname="backend.tests.test_iteration20_htb_update.TestElectricalAssets" name="test_electrical_assets_returns_postes" time="0.203" /><testcase classname="backend.tests.test_iteration20_htb_update.TestElectricalAssets" name="test_postes_have_valid_format" time="0.194" /><testcase classname="backend.tests.test_iteration20_htb_update.TestElectricalAssets" name="test_postes_tension_at_least_225kv" time="0.173" /><testcase classname="backend.tests.test_iteration20_htb_update.TestElectricalAssets" name="test_postes_have_s3renr_enrichment" time="0.171" /><testcase classname="backend.tests.test_iteration20_htb_update.TestDataCenters" name="test_dc_returns_data" time="0.096" /><testcase classname="backend.tests.test_iteration20_htb_update.TestSubmarineCables" name="test_cables_returns_data" time="0.100" /><testcase classname="backend.tests.test_iteration20_htb_update.TestCommuneSearch" name="test_commune_search_villepinte" time="0.616" /><testcase classname="backend.tests.test_iteration20_htb_update.TestS3REnRSummary" name="test_s3renr_summary_returns_regions" time="0.097" /><testcase classname="backend.tests.test_iteration20_htb_update.TestRTEFutureLine" name="test_future_line_returns_geojson" time="0.109" /><testcase classname="backend.tests.test_iteration20_htb_update.TestLandingPoints" name="test_landing_points_returns_data" time="0.097" /></testsuite></testsuites>