<?xml version="1.0" encoding="utf-8"?><testsuites name="pytest tests"><testsuite name="pytest" errors="0" failures="0" skipped="0" tests="8" time="56.361" timestamp="2026-04-01T18:06:10.781769+00:00" hostname="agent-env-3a186a5f-3887-44d4-a78b-80a4d72eaceb"><testcase classname="tests.test_iteration23_scoring_v3_scan.TestAPIInfo" name="test_api_root_returns_info" time="0.338" /><testcase classname="tests.test_iteration23_scoring_v3_scan.TestScanDC10MW" name="test_scan_dc_10mw_paca" time="10.662" /><testcase classname="tests.test_iteration23_scoring_v3_scan.TestScanDC10MW" name="test_scan_dc_10mw_aura" time="18.560" /><testcase classname="tests.test_iteration23_scoring_v3_scan.TestElectricalAssets" name="test_electrical_assets_count" time="0.332" /><testcase classname="tests.test_iteration23_scoring_v3_scan.TestS3REnRExtendedRegions" name="test_s3renr_summary_extended_regions" time="0.125" /><testcase classname="tests.test_iteration23_scoring_v3_scan.TestChatWithTTM" name="test_chat_parcels_fos_sur_mer" time="15.060" /><testcase classname="tests.test_iteration23_scoring_v3_scan.TestScoringV3Axes" name="test_scoring_v3_structure" time="10.293" /><testcase classname="tests.test_iteration23_scoring_v3_scan.TestScanAroundPoste" name="test_scan_around_poste_realtor" time="0.857" /></testsuite></testsuites>