<?xml version="1.0" encoding="utf-8"?><testsuites name="pytest tests"><testsuite name="pytest" errors="0" failures="0" skipped="0" tests="9" time="17.908" timestamp="2026-03-28T14:57:39.912760+00:00" hostname="agent-env-3a186a5f-3887-44d4-a78b-80a4d72eaceb"><testcase classname="backend.tests.test_parcel_bug_fix.TestParcelUniqueIDs" name="test_bbox_parcels_have_unique_ids" time="1.249" /><testcase classname="backend.tests.test_parcel_bug_fix.TestParcelUniqueIDs" name="test_commune_parcels_have_unique_ids" time="3.744" /><testcase classname="backend.tests.test_parcel_bug_fix.TestParcelGeometry" name="test_bbox_parcels_have_geometry" time="0.686" /><testcase classname="backend.tests.test_parcel_bug_fix.TestParcelGeometry" name="test_commune_parcels_have_geometry" time="3.359" /><testcase classname="backend.tests.test_parcel_bug_fix.TestParcelScoreAndDistances" name="test_parcels_have_score_data" time="3.480" /><testcase classname="backend.tests.test_parcel_bug_fix.TestParcelScoreAndDistances" name="test_parcels_have_infrastructure_distances" time="3.332" /><testcase classname="backend.tests.test_parcel_bug_fix.TestCommuneSearch" name="test_commune_search_villepinte" time="0.651" /><testcase classname="backend.tests.test_parcel_bug_fix.TestBboxEndpointParams" name="test_bbox_with_limit" time="0.595" /><testcase classname="backend.tests.test_parcel_bug_fix.TestBboxEndpointParams" name="test_bbox_returns_count" time="0.729" /></testsuite></testsuites>