<?xml version="1.0" encoding="utf-8"?><testsuites name="pytest tests"><testsuite name="pytest" errors="0" failures="1" skipped="0" tests="12" time="108.991" timestamp="2026-03-29T18:33:13.582800+00:00" hostname="agent-env-3a186a5f-3887-44d4-a78b-80a4d72eaceb"><testcase classname="backend.tests.test_iteration19_v3_correctifs.TestBackendHealth" name="test_api_root_returns_version" time="0.294" /><testcase classname="backend.tests.test_iteration19_v3_correctifs.TestGPUZones" name="test_gpu_zones_returns_zones_array" time="2.644" /><testcase classname="backend.tests.test_iteration19_v3_correctifs.TestChatEndpoint" name="test_chat_returns_parcels_with_water_road_data" time="33.907" /><testcase classname="backend.tests.test_iteration19_v3_correctifs.TestChatEndpoint" name="test_chat_parcel_score_structure" time="10.942" /><testcase classname="backend.tests.test_iteration19_v3_correctifs.TestPDFExport" name="test_pdf_export_returns_valid_pdf" time="0.202" /><testcase classname="backend.tests.test_iteration19_v3_correctifs.TestMapEndpoints" name="test_electrical_assets_returns_postes" time="0.195" /><testcase classname="backend.tests.test_iteration19_v3_correctifs.TestMapEndpoints" name="test_dc_existants_returns_data" time="0.117" /><testcase classname="backend.tests.test_iteration19_v3_correctifs.TestMapEndpoints" name="test_landing_points_returns_data" time="0.109" /><testcase classname="backend.tests.test_iteration19_v3_correctifs.TestMapEndpoints" name="test_submarine_cables_returns_data" time="0.107" /><testcase classname="backend.tests.test_iteration19_v3_correctifs.TestMapEndpoints" name="test_rte_future_400kv_returns_geojson" time="0.149" /><testcase classname="backend.tests.test_iteration19_v3_correctifs.TestS3REnRSummary" name="test_s3renr_summary_returns_regions" time="0.104" /><testcase classname="backend.tests.test_iteration19_v3_correctifs.TestBboxParcels" name="test_bbox_parcels_returns_parcels" time="60.104"><failure message="assert 502 == 200&#10; +  where 502 = &lt;Response [502]&gt;.status_code">backend/tests/test_iteration19_v3_correctifs.py:276: in test_bbox_parcels_returns_parcels
    assert response.status_code == 200
E   assert 502 == 200
E    +  where 502 = &lt;Response [502]&gt;.status_code</failure></testcase></testsuite></testsuites>