<?xml version="1.0" encoding="utf-8"?><testsuites name="pytest tests"><testsuite name="pytest" errors="0" failures="0" skipped="0" tests="20" time="24.998" timestamp="2026-03-29T12:45:53.518365+00:00" hostname="agent-env-3a186a5f-3887-44d4-a78b-80a4d72eaceb"><testcase classname="backend.tests.test_plu_scoring_iteration13.TestPLUScoringQuickEndpoint" name="test_ui_zone_returns_favorable" time="0.280" /><testcase classname="backend.tests.test_plu_scoring_iteration13.TestPLUScoringQuickEndpoint" name="test_n_zone_returns_excluded" time="0.106" /><testcase classname="backend.tests.test_plu_scoring_iteration13.TestPLUScoringQuickEndpoint" name="test_a_zone_returns_excluded" time="0.133" /><testcase classname="backend.tests.test_plu_scoring_iteration13.TestPLUScoringQuickEndpoint" name="test_au_zone_returns_watchlist" time="0.121" /><testcase classname="backend.tests.test_plu_scoring_iteration13.TestPLUScoringQuickEndpoint" name="test_ud_zone_returns_unfavorable" time="0.112" /><testcase classname="backend.tests.test_plu_scoring_iteration13.TestPLUScoringQuickEndpoint" name="test_ux_zone_returns_favorable" time="0.103" /><testcase classname="backend.tests.test_plu_scoring_iteration13.TestPLUScoringWithAdjustments" name="test_brownfield_zac_bonus_on_ui_zone" time="0.139" /><testcase classname="backend.tests.test_plu_scoring_iteration13.TestPLUScoringWithAdjustments" name="test_urbanisation_conditionnee_proximite_habitat_on_au" time="0.097" /><testcase classname="backend.tests.test_plu_scoring_iteration13.TestPLUScoringWithAdjustments" name="test_positive_keywords_increase_score" time="0.095" /><testcase classname="backend.tests.test_plu_scoring_iteration13.TestPLUScoringWithAdjustments" name="test_contrainte_patrimoniale_on_residential_returns_excluded" time="0.100" /><testcase classname="backend.tests.test_plu_scoring_iteration13.TestPLUScoringWithAdjustments" name="test_risque_reglementaire_majeur_reduces_score" time="0.101" /><testcase classname="backend.tests.test_plu_scoring_iteration13.TestPLUScoringInChatbot" name="test_chat_parcel_search_includes_plu_scoring" time="12.785" /><testcase classname="backend.tests.test_plu_scoring_iteration13.TestPLUScoringInChatbot" name="test_chatbot_auto_excludes_excluded_parcels" time="9.977" /><testcase classname="backend.tests.test_plu_scoring_iteration13.TestPLUScoringInDCSearch" name="test_dc_search_includes_plu_scoring" time="0.130" /><testcase classname="backend.tests.test_plu_scoring_iteration13.TestPDFExportWithPLUScoring" name="test_pdf_export_includes_plu_scoring_section" time="0.125" /><testcase classname="backend.tests.test_plu_scoring_iteration13.TestPLUScoringStatusRanges" name="test_status_favorable_range" time="0.097" /><testcase classname="backend.tests.test_plu_scoring_iteration13.TestPLUScoringStatusRanges" name="test_status_watchlist_range" time="0.100" /><testcase classname="backend.tests.test_plu_scoring_iteration13.TestPLUScoringStatusRanges" name="test_status_conditional_range" time="0.109" /><testcase classname="backend.tests.test_plu_scoring_iteration13.TestPLUScoringStatusRanges" name="test_status_unfavorable_range" time="0.099" /><testcase classname="backend.tests.test_plu_scoring_iteration13.TestPLUScoringStatusRanges" name="test_status_excluded_range" time="0.095" /></testsuite></testsuites>