<?xml version="1.0" encoding="utf-8"?><testsuites name="pytest tests"><testsuite name="pytest" errors="0" failures="0" skipped="0" tests="12" time="8.504" timestamp="2026-03-28T17:08:48.936356+00:00" hostname="agent-env-3a186a5f-3887-44d4-a78b-80a4d72eaceb"><testcase classname="backend.tests.test_plu_mobile_features.TestPLUIntegration" name="test_bbox_parcels_urban_area_returns_plu_u" time="1.473" /><testcase classname="backend.tests.test_plu_mobile_features.TestPLUIntegration" name="test_bbox_parcels_rural_area_returns_plu_n_or_a" time="0.887" /><testcase classname="backend.tests.test_plu_mobile_features.TestPLUIntegration" name="test_bbox_parcels_plu_varies_by_location" time="1.706" /><testcase classname="backend.tests.test_plu_mobile_features.TestPLUIntegration" name="test_bbox_parcels_returns_gpu_zones_count" time="2.656" /><testcase classname="backend.tests.test_plu_mobile_features.TestS3REnRStillWorks" name="test_s3renr_summary_endpoint" time="0.164" /><testcase classname="backend.tests.test_plu_mobile_features.TestS3REnRStillWorks" name="test_s3renr_top_opportunities_endpoint" time="0.184" /><testcase classname="backend.tests.test_plu_mobile_features.TestS3REnRStillWorks" name="test_electrical_assets_have_s3renr_enrichment" time="0.121" /><testcase classname="backend.tests.test_plu_mobile_features.TestExistingEndpointsStillWork" name="test_api_root" time="0.115" /><testcase classname="backend.tests.test_plu_mobile_features.TestExistingEndpointsStillWork" name="test_map_dc_endpoint" time="0.118" /><testcase classname="backend.tests.test_plu_mobile_features.TestExistingEndpointsStillWork" name="test_map_landing_points_endpoint" time="0.107" /><testcase classname="backend.tests.test_plu_mobile_features.TestExistingEndpointsStillWork" name="test_map_submarine_cables_endpoint" time="0.120" /><testcase classname="backend.tests.test_plu_mobile_features.TestExistingEndpointsStillWork" name="test_commune_search_endpoint" time="0.609" /></testsuite></testsuites>