<?xml version="1.0" encoding="utf-8"?><testsuites name="pytest tests"><testsuite name="pytest" errors="0" failures="0" skipped="0" tests="15" time="139.512" timestamp="2026-03-29T12:11:35.178203+00:00" hostname="agent-env-3a186a5f-3887-44d4-a78b-80a4d72eaceb"><testcase classname="backend.tests.test_chatbot_parcel_search.TestChatbotParcelSearch" name="test_parcel_search_returns_parcel_results_type" time="11.098" /><testcase classname="backend.tests.test_chatbot_parcel_search.TestChatbotParcelSearch" name="test_parcel_results_contain_required_fields" time="11.950" /><testcase classname="backend.tests.test_chatbot_parcel_search.TestChatbotParcelSearch" name="test_parcels_sorted_by_score_descending" time="10.387" /><testcase classname="backend.tests.test_chatbot_parcel_search.TestChatbotParcelSearch" name="test_response_includes_sites_searched" time="15.343" /><testcase classname="backend.tests.test_chatbot_parcel_search.TestChatbotParcelSearch" name="test_response_includes_fly_to_coordinates" time="11.501" /><testcase classname="backend.tests.test_chatbot_parcel_search.TestChatbotParcelSearch" name="test_parcel_has_cadastral_reference" time="7.583" /><testcase classname="backend.tests.test_chatbot_parcel_search.TestChatbotMacroSearch" name="test_site_search_returns_search_results_type" time="1.126" /><testcase classname="backend.tests.test_chatbot_parcel_search.TestChatbotSummary" name="test_summary_returns_summary_type" time="0.922" /><testcase classname="backend.tests.test_chatbot_parcel_search.TestChatbotParcelSearchVariations" name="test_parcel_search_with_hdf_region" time="31.599" /><testcase classname="backend.tests.test_chatbot_parcel_search.TestChatbotParcelSearchVariations" name="test_parcel_search_near_fos" time="7.926" /><testcase classname="backend.tests.test_chatbot_parcel_search.TestChatbotParcelDataQuality" name="test_parcel_surface_respects_minimum" time="8.500" /><testcase classname="backend.tests.test_chatbot_parcel_search.TestChatbotParcelDataQuality" name="test_parcel_has_htb_distance" time="10.534" /><testcase classname="backend.tests.test_chatbot_parcel_search.TestChatbotParcelDataQuality" name="test_parcel_has_future_400kv_data" time="9.169" /><testcase classname="backend.tests.test_chatbot_parcel_search.TestChatEndpointBasics" name="test_chat_endpoint_exists" time="0.869" /><testcase classname="backend.tests.test_chatbot_parcel_search.TestChatEndpointBasics" name="test_chat_returns_json" time="0.916" /></testsuite></testsuites>